<?xml version="1.0" encoding="UTF-8"?>
<!-- Generated by org.testng.reporters.JUnitXMLReporter -->
<testsuite hostname="Tiempo02" name="Default test" tests="5" failures="0" timestamp="6 Nov 2019 21:36:14 GMT" time="150.741" errors="0">
  <testcase name="tc01_reportLoading" time="12.94" classname="newReportD.RD"/>
  <testcase name="tc02_informationPresent_withoutData" time="33.795" classname="newReportD.RD"/>
  <testcase name="tc03_informationPresent_withData" time="23.132" classname="newReportD.RD"/>
  <testcase name="tc04_LoadingFail" time="41.578" classname="newReportD.RD"/>
  <testcase name="tc05_LoadingFail_NoData" time="38.72" classname="newReportD.RD"/>
</testsuite> <!-- Default test -->
